<?xml version="1.0" encoding="UTF-8"?>
<testsuite name="org.example.AnnotationToolTest" tests="2" skipped="0" failures="0" errors="0" timestamp="2024-04-08T06:37:04" hostname="SARTHAK" time="0.016">
  <properties/>
  <testcase name="testAnnotationBuilder()" classname="org.example.AnnotationToolTest" time="0.015"/>
  <testcase name="testAnnotationConstructor()" classname="org.example.AnnotationToolTest" time="0.0"/>
  <system-out><![CDATA[]]></system-out>
  <system-err><![CDATA[]]></system-err>
</testsuite>
