<?xml version="1.0" encoding="UTF-8"?>
<testsuite name="org.example.AnnotationToolTypeTest" tests="2" skipped="0" failures="0" errors="0" timestamp="2024-04-08T06:37:04" hostname="SARTHAK" time="0.001">
  <properties/>
  <testcase name="testEnumValues()" classname="org.example.AnnotationToolTypeTest" time="0.0"/>
  <testcase name="testEnumToString()" classname="org.example.AnnotationToolTypeTest" time="0.0"/>
  <system-out><![CDATA[]]></system-out>
  <system-err><![CDATA[]]></system-err>
</testsuite>
