<?xml version="1.0" encoding="UTF-8"?>
<testsuite name="org.example.ColorTest" tests="3" skipped="0" failures="0" errors="0" timestamp="2024-04-08T06:37:04" hostname="SARTHAK" time="0.001">
  <properties/>
  <testcase name="testBlackColorToString()" classname="org.example.ColorTest" time="0.0"/>
  <testcase name="testBlueColorToString()" classname="org.example.ColorTest" time="0.001"/>
  <testcase name="testRedColorToString()" classname="org.example.ColorTest" time="0.0"/>
  <system-out><![CDATA[]]></system-out>
  <system-err><![CDATA[]]></system-err>
</testsuite>
