<?xml version="1.0" encoding="UTF-8"?>
<testsuite name="org.example.DisplayModeTest" tests="2" skipped="0" failures="0" errors="0" timestamp="2024-04-08T06:37:04" hostname="SARTHAK" time="0.001">
  <properties/>
  <testcase name="testListDisplayModeToString()" classname="org.example.DisplayModeTest" time="0.0"/>
  <testcase name="testVisualDisplayModeToString()" classname="org.example.DisplayModeTest" time="0.0"/>
  <system-out><![CDATA[]]></system-out>
  <system-err><![CDATA[]]></system-err>
</testsuite>
