<?xml version="1.0" encoding="UTF-8"?>
<testsuite name="org.example.BookmarkTest" tests="2" skipped="0" failures="0" errors="0" timestamp="2024-04-08T06:37:04" hostname="SARTHAK" time="0.002">
  <properties/>
  <testcase name="testGettersAndSetters()" classname="org.example.BookmarkTest" time="0.001"/>
  <testcase name="testBookmarkBuilder()" classname="org.example.BookmarkTest" time="0.001"/>
  <system-out><![CDATA[]]></system-out>
  <system-err><![CDATA[]]></system-err>
</testsuite>
