<?xml version="1.0" encoding="UTF-8"?>
<testsuite name="org.example.PageTest" tests="4" skipped="0" failures="0" errors="0" timestamp="2024-04-08T06:37:04" hostname="SARTHAK" time="0.002">
  <properties/>
  <testcase name="testPageBuilder()" classname="org.example.PageTest" time="0.0"/>
  <testcase name="testRemoveAnnotation()" classname="org.example.PageTest" time="0.001"/>
  <testcase name="testAddAnnotation()" classname="org.example.PageTest" time="0.0"/>
  <testcase name="testContent()" classname="org.example.PageTest" time="0.0"/>
  <system-out><![CDATA[]]></system-out>
  <system-err><![CDATA[]]></system-err>
</testsuite>
