<?xml version="1.0" encoding="UTF-8"?>
<testsuite name="org.example.BookshelfTest" tests="5" skipped="0" failures="0" errors="0" timestamp="2024-04-08T06:37:04" hostname="SARTHAK" time="0.006">
  <properties/>
  <testcase name="testAddBook()" classname="org.example.BookshelfTest" time="0.002"/>
  <testcase name="testSwitchDisplayMode()" classname="org.example.BookshelfTest" time="0.001"/>
  <testcase name="testFindBook()" classname="org.example.BookshelfTest" time="0.001"/>
  <testcase name="testRemoveBookByTitle()" classname="org.example.BookshelfTest" time="0.001"/>
  <testcase name="testRemoveBook()" classname="org.example.BookshelfTest" time="0.001"/>
  <system-out><![CDATA[]]></system-out>
  <system-err><![CDATA[]]></system-err>
</testsuite>
